# JRE version: OpenJDK Runtime Environment (17.0.7) (build 17.0.7+0-b2043.56-10550314)
# Java VM: OpenJDK 64-Bit Server VM (17.0.7+0-b2043.56-10550314, mixed mode, tiered, compressed oops, compressed class ptrs, g1 gc, windows-amd64)
GC Precious Log:
 CPUs: 8 total, 8 available
 Memory: 3974M
 Large Page Support: Disabled
 NUMA Support: Disabled
 Compressed Oops: Enabled (32-bit)
 Heap Region Size: 1M
 Heap Min Capacity: 8M
 Heap Initial Capacity: 64M
 Heap Max Capacity: 2G
 Pre-touch: Disabled
 Parallel Workers: 8
 Concurrent Workers: 2
 Concurrent Refinement Workers: 8
 Periodic GC: Disabled
Heap:
 garbage-first heap   total 81920K, used 61649K [0x0000000080000000, 0x0000000100000000)
  region size 1024K, 17 young (17408K), 2 survivors (2048K)
 Metaspace       used 38436K, committed 38720K, reserved 1114112K
  class space    used 5169K, committed 5312K, reserved 1048576K
GC Heap History (20 events):
Event: 17.071 GC heap before
{Heap before GC invocations=0 (full 0):
 garbage-first heap   total 65536K, used 28672K [0x0000000080000000, 0x0000000100000000)
  region size 1024K, 23 young (23552K), 0 survivors (0K)
 Metaspace       used 10241K, committed 10432K, reserved 1114112K
  class space    used 1061K, committed 1152K, reserved 1048576K
}
Event: 17.079 GC heap after
{Heap after GC invocations=1 (full 0):
 garbage-first heap   total 65536K, used 8984K [0x0000000080000000, 0x0000000100000000)
  region size 1024K, 3 young (3072K), 3 survivors (3072K)
 Metaspace       used 10241K, committed 10432K, reserved 1114112K
  class space    used 1061K, committed 1152K, reserved 1048576K
}
Event: 25.472 GC heap before
{Heap before GC invocations=1 (full 0):
 garbage-first heap   total 65536K, used 31512K [0x0000000080000000, 0x0000000100000000)
  region size 1024K, 26 young (26624K), 3 survivors (3072K)
 Metaspace       used 11144K, committed 11328K, reserved 1114112K
  class space    used 1164K, committed 1280K, reserved 1048576K
}
Event: 25.477 GC heap after
{Heap after GC invocations=2 (full 0):
 garbage-first heap   total 65536K, used 10307K [0x0000000080000000, 0x0000000100000000)
  region size 1024K, 2 young (2048K), 2 survivors (2048K)
 Metaspace       used 11144K, committed 11328K, reserved 1114112K
  class space    used 1164K, committed 1280K, reserved 1048576K
}
Event: 39.038 GC heap before
{Heap before GC invocations=2 (full 0):
 garbage-first heap   total 65536K, used 35907K [0x0000000080000000, 0x0000000100000000)
  region size 1024K, 27 young (27648K), 2 survivors (2048K)
 Metaspace       used 17549K, committed 17856K, reserved 1114112K
  class space    used 2017K, committed 2176K, reserved 1048576K
}
Event: 39.047 GC heap after
{Heap after GC invocations=3 (full 0):
 garbage-first heap   total 65536K, used 16519K [0x0000000080000000, 0x0000000100000000)
  region size 1024K, 4 young (4096K), 4 survivors (4096K)
 Metaspace       used 17549K, committed 17856K, reserved 1114112K
  class space    used 2017K, committed 2176K, reserved 1048576K
}
Event: 40.240 GC heap before
{Heap before GC invocations=3 (full 0):
 garbage-first heap   total 65536K, used 33927K [0x0000000080000000, 0x0000000100000000)
  region size 1024K, 22 young (22528K), 4 survivors (4096K)
 Metaspace       used 21290K, committed 21504K, reserved 1114112K
  class space    used 2636K, committed 2752K, reserved 1048576K
}
Event: 40.244 GC heap after
{Heap after GC invocations=4 (full 0):
 garbage-first heap   total 65536K, used 17754K [0x0000000080000000, 0x0000000100000000)
  region size 1024K, 2 young (2048K), 2 survivors (2048K)
 Metaspace       used 21290K, committed 21504K, reserved 1114112K
  class space    used 2636K, committed 2752K, reserved 1048576K
}
Event: 41.850 GC heap before
{Heap before GC invocations=5 (full 0):
 garbage-first heap   total 65536K, used 41306K [0x0000000080000000, 0x0000000100000000)
  region size 1024K, 25 young (25600K), 2 survivors (2048K)
 Metaspace       used 25470K, committed 25664K, reserved 1114112K
  class space    used 3304K, committed 3392K, reserved 1048576K
}
Event: 41.858 GC heap after
{Heap after GC invocations=6 (full 0):
 garbage-first heap   total 65536K, used 19158K [0x0000000080000000, 0x0000000100000000)
  region size 1024K, 3 young (3072K), 3 survivors (3072K)
 Metaspace       used 25470K, committed 25664K, reserved 1114112K
  class space    used 3304K, committed 3392K, reserved 1048576K
}
Event: 43.973 GC heap before
{Heap before GC invocations=6 (full 0):
 garbage-first heap   total 65536K, used 46806K [0x0000000080000000, 0x0000000100000000)
  region size 1024K, 25 young (25600K), 3 survivors (3072K)
 Metaspace       used 28557K, committed 28864K, reserved 1114112K
  class space    used 3842K, committed 3968K, reserved 1048576K
}
Event: 43.983 GC heap after
{Heap after GC invocations=7 (full 0):
 garbage-first heap   total 65536K, used 30911K [0x0000000080000000, 0x0000000100000000)
  region size 1024K, 4 young (4096K), 4 survivors (4096K)
 Metaspace       used 28557K, committed 28864K, reserved 1114112K
  class space    used 3842K, committed 3968K, reserved 1048576K
}
Event: 44.005 GC heap before
{Heap before GC invocations=7 (full 0):
 garbage-first heap   total 65536K, used 43199K [0x0000000080000000, 0x0000000100000000)
  region size 1024K, 5 young (5120K), 4 survivors (4096K)
 Metaspace       used 28558K, committed 28864K, reserved 1114112K
  class space    used 3842K, committed 3968K, reserved 1048576K
}
Event: 44.010 GC heap after
{Heap after GC invocations=8 (full 0):
 garbage-first heap   total 65536K, used 42844K [0x0000000080000000, 0x0000000100000000)
  region size 1024K, 1 young (1024K), 1 survivors (1024K)
 Metaspace       used 28558K, committed 28864K, reserved 1114112K
  class space    used 3842K, committed 3968K, reserved 1048576K
}
Event: 46.360 GC heap before
{Heap before GC invocations=9 (full 0):
 garbage-first heap   total 78848K, used 53084K [0x0000000080000000, 0x0000000100000000)
  region size 1024K, 10 young (10240K), 1 survivors (1024K)
 Metaspace       used 29683K, committed 30016K, reserved 1114112K
  class space    used 4008K, committed 4160K, reserved 1048576K
}
Event: 46.363 GC heap after
{Heap after GC invocations=10 (full 0):
 garbage-first heap   total 78848K, used 46900K [0x0000000080000000, 0x0000000100000000)
  region size 1024K, 2 young (2048K), 2 survivors (2048K)
 Metaspace       used 29683K, committed 30016K, reserved 1114112K
  class space    used 4008K, committed 4160K, reserved 1048576K
}
Event: 46.875 GC heap before
{Heap before GC invocations=10 (full 0):
 garbage-first heap   total 78848K, used 60212K [0x0000000080000000, 0x0000000100000000)
  region size 1024K, 16 young (16384K), 2 survivors (2048K)
 Metaspace       used 31589K, committed 31936K, reserved 1114112K
  class space    used 4318K, committed 4480K, reserved 1048576K
}
Event: 46.878 GC heap after
{Heap after GC invocations=11 (full 0):
 garbage-first heap   total 78848K, used 47719K [0x0000000080000000, 0x0000000100000000)
  region size 1024K, 1 young (1024K), 1 survivors (1024K)
 Metaspace       used 31589K, committed 31936K, reserved 1114112K
  class space    used 4318K, committed 4480K, reserved 1048576K
}
Event: 47.631 GC heap before
{Heap before GC invocations=12 (full 0):
 garbage-first heap   total 81920K, used 62055K [0x0000000080000000, 0x0000000100000000)
  region size 1024K, 15 young (15360K), 1 survivors (1024K)
 Metaspace       used 33554K, committed 33856K, reserved 1114112K
  class space    used 4650K, committed 4800K, reserved 1048576K
}
Event: 47.636 GC heap after
{Heap after GC invocations=13 (full 0):
 garbage-first heap   total 81920K, used 48337K [0x0000000080000000, 0x0000000100000000)
  region size 1024K, 2 young (2048K), 2 survivors (2048K)
 Metaspace       used 33554K, committed 33856K, reserved 1114112K
  class space    used 4650K, committed 4800K, reserved 1048576K
}

